2025-05-27T23:39:06.639Z - info: Express server for Users listening on port3000
2025-05-27T23:40:12.629Z - info: Ingreso a Prueba
2025-05-27T23:40:34.636Z - info: Inicio Lista deusuarios
2025-05-27T23:40:34.639Z - info: Final lista de usuarios
2025-05-27T23:41:10.390Z - info: Express server for Users listening on port3000
2025-05-27T23:41:12.505Z - info: Ingreso a Prueba
2025-05-27T23:42:49.369Z - info: Express server for Users listening on port3000
2025-05-27T23:43:00.444Z - info: Ingreso a Prueba
2025-05-27T23:43:10.523Z - info: Inicio Lista deusuarios
2025-05-27T23:43:10.529Z - info: Final lista de usuarios
2025-05-27T23:46:22.746Z - info: Express server for Users listening on port3000
2025-05-27T23:46:27.185Z - info: Inicio Lista deusuarios
2025-05-27T23:48:40.054Z - info: Express server for Users listening on port3000
2025-05-27T23:48:56.403Z - info: Express server for Users listening on port3000
2025-05-27T23:49:09.149Z - info: Inicio Lista deusuarios
2025-05-27T23:49:09.151Z - info: Final lista de usuarios
2025-05-27T23:51:31.830Z - info: Begin List User
2025-05-27T23:51:48.330Z - info: Inicio Lista deusuarios
2025-05-27T23:51:48.330Z - info: Final lista de usuarios
2025-05-27T23:53:00.449Z - info: Express server for Users listening on port3000
2025-05-27T23:53:09.989Z - info: Inicio Lista deusuarios
2025-05-27T23:53:09.991Z - info: Final lista de usuarios
2025-05-27T23:56:34.359Z - info: Begin Login User
2025-05-27T23:58:20.783Z - info: Begin Login User
2025-05-28T00:06:38.505Z - info: Begin Login User
2025-05-28T00:10:00.461Z - info: Express server for Users listening on port3000
2025-05-28T00:10:44.786Z - info: Begin Login User
2025-05-28T00:10:44.848Z - info: End Login User
2025-05-28T00:16:06.991Z - info: Express server for Users listening on port3000
2025-05-28T00:16:39.261Z - info: Express server for Users listening on port3000
2025-05-28T00:17:34.809Z - info: Begin Login User
2025-05-28T00:17:34.871Z - info: End Login User
2025-05-28T00:18:29.268Z - info: Begin 
2025-05-28T00:31:02.862Z - info: Express server for Users listening on port3000
2025-05-28T00:33:20.925Z - info: Inicio Lista deusuarios
2025-05-28T00:33:20.926Z - info: Final lista de usuarios
2025-05-28T00:36:23.373Z - info: Express server for Users listening on port3000
2025-05-28T00:37:10.225Z - info: Express server for Users listening on port3000
2025-05-28T00:38:25.616Z - info: Begin Login User
2025-05-28T00:38:25.654Z - info: End Login User
2025-05-28T00:40:20.771Z - info: Begin List User
2025-05-28T00:40:28.842Z - info: Inicio Lista deusuarios
2025-05-28T00:40:28.843Z - info: Final lista de usuarios
2025-05-28T00:41:42.032Z - info: Inicio Lista deusuarios
2025-05-28T00:41:42.033Z - info: Final lista de usuarios
2025-05-28T00:42:15.492Z - info: Express server for Users listening on port3000
2025-05-28T00:42:49.374Z - info: Begin 
2025-05-28T00:43:09.140Z - info: Begin Login User
2025-05-28T00:43:09.191Z - info: End Login User
